Classic Timing Analyzer report for as2
Tue Feb 22 16:38:27 2022
Quartus II Version 8.1 Build 163 10/28/2008 SJ Web Edition


---------------------
; Table of Contents ;
---------------------
  1. Legal Notice
  2. Timing Analyzer Summary
  3. Timing Analyzer Settings
  4. Clock Settings Summary
  5. tsu
  6. tco
  7. th
  8. Timing Analyzer Messages



----------------
; Legal Notice ;
----------------
Copyright (C) 1991-2008 Altera Corporation
Your use of Altera Corporation's design tools, logic functions 
and other software and tools, and its AMPP partner logic 
functions, and any output files from any of the foregoing 
(including device programming or simulation files), and any 
associated documentation or information are expressly subject 
to the terms and conditions of the Altera Program License 
Subscription Agreement, Altera MegaCore Function License 
Agreement, or other applicable license agreement, including, 
without limitation, that your use is for the sole purpose of 
programming logic devices manufactured by Altera and sold by 
Altera or its authorized distributors.  Please refer to the 
applicable agreement for further details.



+-----------------------------------------------------------------------------------------------------------------------------------+
; Timing Analyzer Summary                                                                                                           ;
+------------------------------+-------+---------------+-------------+-----------+-----------+------------+----------+--------------+
; Type                         ; Slack ; Required Time ; Actual Time ; From      ; To        ; From Clock ; To Clock ; Failed Paths ;
+------------------------------+-------+---------------+-------------+-----------+-----------+------------+----------+--------------+
; Worst-case tsu               ; N/A   ; None          ; 1.000 ns    ; D[1]      ; Q[1]~reg0 ; --         ; clk      ; 0            ;
; Worst-case tco               ; N/A   ; None          ; 7.100 ns    ; Q[2]~reg0 ; Q[2]      ; clk        ; --       ; 0            ;
; Worst-case th                ; N/A   ; None          ; 0.400 ns    ; RS        ; Q[0]~reg0 ; --         ; clk      ; 0            ;
; Total number of failed paths ;       ;               ;             ;           ;           ;            ;          ; 0            ;
+------------------------------+-------+---------------+-------------+-----------+-----------+------------+----------+--------------+


+--------------------------------------------------------------------------------------------------------------------+
; Timing Analyzer Settings                                                                                           ;
+---------------------------------------------------------------------+--------------------+------+----+-------------+
; Option                                                              ; Setting            ; From ; To ; Entity Name ;
+---------------------------------------------------------------------+--------------------+------+----+-------------+
; Device Name                                                         ; EPF10K30ETC144-1   ;      ;    ;             ;
; Timing Models                                                       ; Final              ;      ;    ;             ;
; Default hold multicycle                                             ; Same as Multicycle ;      ;    ;             ;
; Cut paths between unrelated clock domains                           ; On                 ;      ;    ;             ;
; Cut off read during write signal paths                              ; On                 ;      ;    ;             ;
; Cut off feedback from I/O pins                                      ; On                 ;      ;    ;             ;
; Report Combined Fast/Slow Timing                                    ; Off                ;      ;    ;             ;
; Ignore Clock Settings                                               ; Off                ;      ;    ;             ;
; Analyze latches as synchronous elements                             ; On                 ;      ;    ;             ;
; Enable Recovery/Removal analysis                                    ; Off                ;      ;    ;             ;
; Enable Clock Latency                                                ; Off                ;      ;    ;             ;
; Use TimeQuest Timing Analyzer                                       ; Off                ;      ;    ;             ;
; Number of source nodes to report per destination node               ; 10                 ;      ;    ;             ;
; Number of destination nodes to report                               ; 10                 ;      ;    ;             ;
; Number of paths to report                                           ; 200                ;      ;    ;             ;
; Report Minimum Timing Checks                                        ; Off                ;      ;    ;             ;
; Use Fast Timing Models                                              ; Off                ;      ;    ;             ;
; Report IO Paths Separately                                          ; Off                ;      ;    ;             ;
; Perform Multicorner Analysis                                        ; Off                ;      ;    ;             ;
; Reports the worst-case path for each clock domain and analysis      ; Off                ;      ;    ;             ;
; Removes common clock path pessimism (CCPP) during slack computation ; Off                ;      ;    ;             ;
; Output I/O Timing Endpoint                                          ; Near End           ;      ;    ;             ;
+---------------------------------------------------------------------+--------------------+------+----+-------------+


+------------------------------------------------------------------------------------------------------------------------------------------------------------------------------------+
; Clock Settings Summary                                                                                                                                                             ;
+-----------------+--------------------+----------+------------------+---------------+--------------+----------+-----------------------+---------------------+--------+--------------+
; Clock Node Name ; Clock Setting Name ; Type     ; Fmax Requirement ; Early Latency ; Late Latency ; Based on ; Multiply Base Fmax by ; Divide Base Fmax by ; Offset ; Phase offset ;
+-----------------+--------------------+----------+------------------+---------------+--------------+----------+-----------------------+---------------------+--------+--------------+
; clk             ;                    ; User Pin ; None             ; 0.000 ns      ; 0.000 ns     ; --       ; N/A                   ; N/A                 ; N/A    ;              ;
+-----------------+--------------------+----------+------------------+---------------+--------------+----------+-----------------------+---------------------+--------+--------------+


+-----------------------------------------------------------------+
; tsu                                                             ;
+-------+--------------+------------+------+-----------+----------+
; Slack ; Required tsu ; Actual tsu ; From ; To        ; To Clock ;
+-------+--------------+------------+------+-----------+----------+
; N/A   ; None         ; 1.000 ns   ; D[0] ; Q[3]~reg0 ; clk      ;
; N/A   ; None         ; 1.000 ns   ; D[1] ; Q[1]~reg0 ; clk      ;
; N/A   ; None         ; 0.900 ns   ; D[3] ; Q[2]~reg0 ; clk      ;
; N/A   ; None         ; 0.900 ns   ; D[3] ; Q[3]~reg0 ; clk      ;
; N/A   ; None         ; 0.900 ns   ; D[2] ; Q[1]~reg0 ; clk      ;
; N/A   ; None         ; 0.900 ns   ; D[2] ; Q[2]~reg0 ; clk      ;
; N/A   ; None         ; 0.900 ns   ; D[0] ; Q[0]~reg0 ; clk      ;
; N/A   ; None         ; 0.900 ns   ; D[1] ; Q[0]~reg0 ; clk      ;
; N/A   ; None         ; 0.800 ns   ; RS   ; Q[1]~reg0 ; clk      ;
; N/A   ; None         ; 0.800 ns   ; RS   ; Q[2]~reg0 ; clk      ;
; N/A   ; None         ; 0.800 ns   ; RS   ; Q[3]~reg0 ; clk      ;
; N/A   ; None         ; 0.700 ns   ; RS   ; Q[0]~reg0 ; clk      ;
+-------+--------------+------------+------+-----------+----------+


+-------------------------------------------------------------------+
; tco                                                               ;
+-------+--------------+------------+-----------+------+------------+
; Slack ; Required tco ; Actual tco ; From      ; To   ; From Clock ;
+-------+--------------+------------+-----------+------+------------+
; N/A   ; None         ; 7.100 ns   ; Q[2]~reg0 ; Q[2] ; clk        ;
; N/A   ; None         ; 6.400 ns   ; Q[1]~reg0 ; Q[1] ; clk        ;
; N/A   ; None         ; 6.300 ns   ; Q[3]~reg0 ; Q[3] ; clk        ;
; N/A   ; None         ; 6.300 ns   ; Q[0]~reg0 ; Q[0] ; clk        ;
+-------+--------------+------------+-----------+------+------------+


+-----------------------------------------------------------------------+
; th                                                                    ;
+---------------+-------------+-----------+------+-----------+----------+
; Minimum Slack ; Required th ; Actual th ; From ; To        ; To Clock ;
+---------------+-------------+-----------+------+-----------+----------+
; N/A           ; None        ; 0.400 ns  ; RS   ; Q[0]~reg0 ; clk      ;
; N/A           ; None        ; 0.300 ns  ; RS   ; Q[1]~reg0 ; clk      ;
; N/A           ; None        ; 0.300 ns  ; RS   ; Q[2]~reg0 ; clk      ;
; N/A           ; None        ; 0.300 ns  ; RS   ; Q[3]~reg0 ; clk      ;
; N/A           ; None        ; 0.200 ns  ; D[3] ; Q[2]~reg0 ; clk      ;
; N/A           ; None        ; 0.200 ns  ; D[3] ; Q[3]~reg0 ; clk      ;
; N/A           ; None        ; 0.200 ns  ; D[2] ; Q[1]~reg0 ; clk      ;
; N/A           ; None        ; 0.200 ns  ; D[2] ; Q[2]~reg0 ; clk      ;
; N/A           ; None        ; 0.200 ns  ; D[0] ; Q[0]~reg0 ; clk      ;
; N/A           ; None        ; 0.200 ns  ; D[1] ; Q[0]~reg0 ; clk      ;
; N/A           ; None        ; 0.100 ns  ; D[0] ; Q[3]~reg0 ; clk      ;
; N/A           ; None        ; 0.100 ns  ; D[1] ; Q[1]~reg0 ; clk      ;
+---------------+-------------+-----------+------+-----------+----------+


+--------------------------+
; Timing Analyzer Messages ;
+--------------------------+
Info: *******************************************************************
Info: Running Quartus II Classic Timing Analyzer
    Info: Version 8.1 Build 163 10/28/2008 SJ Web Edition
    Info: Processing started: Tue Feb 22 16:38:27 2022
Info: Command: quartus_tan --read_settings_files=off --write_settings_files=off as2 -c as2
Info: Started post-fitting delay annotation
Info: Delay annotation completed successfully
Warning: Found pins functioning as undefined clocks and/or memory enables
    Info: Assuming node "clk" is an undefined clock
Info: No valid register-to-register data paths exist for clock "clk"
Info: tsu for register "Q[3]~reg0" (data pin = "D[0]", clock pin = "clk") is 1.000 ns
    Info: + Longest pin to register delay is 2.100 ns
        Info: 1: + IC(0.000 ns) + CELL(1.300 ns) = 1.300 ns; Loc. = PIN_124; Fanout = 2; PIN Node = 'D[0]'
        Info: 2: + IC(0.200 ns) + CELL(0.600 ns) = 2.100 ns; Loc. = LC8_C12; Fanout = 1; REG Node = 'Q[3]~reg0'
        Info: Total cell delay = 1.900 ns ( 90.48 % )
        Info: Total interconnect delay = 0.200 ns ( 9.52 % )
    Info: + Micro setup delay of destination is 0.400 ns
    Info: - Shortest clock path from clock "clk" to destination register is 1.500 ns
        Info: 1: + IC(0.000 ns) + CELL(1.300 ns) = 1.300 ns; Loc. = PIN_55; Fanout = 4; CLK Node = 'clk'
        Info: 2: + IC(0.200 ns) + CELL(0.000 ns) = 1.500 ns; Loc. = LC8_C12; Fanout = 1; REG Node = 'Q[3]~reg0'
        Info: Total cell delay = 1.300 ns ( 86.67 % )
        Info: Total interconnect delay = 0.200 ns ( 13.33 % )
Info: tco from clock "clk" to destination pin "Q[2]" through register "Q[2]~reg0" is 7.100 ns
    Info: + Longest clock path from clock "clk" to source register is 1.500 ns
        Info: 1: + IC(0.000 ns) + CELL(1.300 ns) = 1.300 ns; Loc. = PIN_55; Fanout = 4; CLK Node = 'clk'
        Info: 2: + IC(0.200 ns) + CELL(0.000 ns) = 1.500 ns; Loc. = LC2_C12; Fanout = 1; REG Node = 'Q[2]~reg0'
        Info: Total cell delay = 1.300 ns ( 86.67 % )
        Info: Total interconnect delay = 0.200 ns ( 13.33 % )
    Info: + Micro clock to output delay of source is 0.300 ns
    Info: + Longest register to pin delay is 5.300 ns
        Info: 1: + IC(0.000 ns) + CELL(0.000 ns) = 0.000 ns; Loc. = LC2_C12; Fanout = 1; REG Node = 'Q[2]~reg0'
        Info: 2: + IC(1.500 ns) + CELL(3.800 ns) = 5.300 ns; Loc. = PIN_12; Fanout = 0; PIN Node = 'Q[2]'
        Info: Total cell delay = 3.800 ns ( 71.70 % )
        Info: Total interconnect delay = 1.500 ns ( 28.30 % )
Info: th for register "Q[0]~reg0" (data pin = "RS", clock pin = "clk") is 0.400 ns
    Info: + Longest clock path from clock "clk" to destination register is 1.500 ns
        Info: 1: + IC(0.000 ns) + CELL(1.300 ns) = 1.300 ns; Loc. = PIN_55; Fanout = 4; CLK Node = 'clk'
        Info: 2: + IC(0.200 ns) + CELL(0.000 ns) = 1.500 ns; Loc. = LC1_C7; Fanout = 1; REG Node = 'Q[0]~reg0'
        Info: Total cell delay = 1.300 ns ( 86.67 % )
        Info: Total interconnect delay = 0.200 ns ( 13.33 % )
    Info: + Micro hold delay of destination is 0.700 ns
    Info: - Shortest pin to register delay is 1.800 ns
        Info: 1: + IC(0.000 ns) + CELL(1.300 ns) = 1.300 ns; Loc. = PIN_126; Fanout = 4; PIN Node = 'RS'
        Info: 2: + IC(0.100 ns) + CELL(0.400 ns) = 1.800 ns; Loc. = LC1_C7; Fanout = 1; REG Node = 'Q[0]~reg0'
        Info: Total cell delay = 1.700 ns ( 94.44 % )
        Info: Total interconnect delay = 0.100 ns ( 5.56 % )
Info: Quartus II Classic Timing Analyzer was successful. 0 errors, 1 warning
    Info: Peak virtual memory: 192 megabytes
    Info: Processing ended: Tue Feb 22 16:38:27 2022
    Info: Elapsed time: 00:00:00
    Info: Total CPU time (on all processors): 00:00:00


